14:02:12.117 [main] INFO  testcase.RegisterSample_AddPet - ***** My Pet health details has been added successfully *******
14:02:35.566 [main] INFO  testcase.RegisterSample_AddPet - ***** My Pet vet details has been added successfully *******
14:03:27.779 [main] INFO  testcase.RegisterSample_AddPet - ***** Title vaildation successfully completed *******
14:03:27.784 [main] INFO  testcase.Register_Sample_Gut - ***** Gut sample registration process has been started*******
13:05:28.624 [main] INFO  testcase.Signin_Existinguser - ***** pop up Accessed successfully *******
13:05:32.071 [main] INFO  testcase.Signin_Existinguser - ***** Log in successfully *******
13:05:32.137 [main] INFO  testcase.My_Account_UserProfile_AddPet - ***** Started going to My account user profile & adding pet *******
13:05:42.553 [main] INFO  testcase.My_Account_UserProfile_AddPet - ***** Started adding pet *******
13:06:38.817 [main] INFO  testcase.My_Account_UserProfile_AddPet - ***** My pet section has been added successfully*******
13:06:40.826 [main] INFO  testcase.My_Account_UserProfile_AddPet - ***** Pet health section adding process has been started *******
13:10:31.299 [main] INFO  testcase.My_Account_UserProfile_AddPet - ***** Vet details adding process has been started *******
13:10:52.772 [main] INFO  testcase.My_Account_UserProfile_AddPet - ***** Vet details added successfully *******
13:11:09.623 [main] INFO  testcase.My_Account_UserProfile_AddPet - ***** Pet added successfully with full details *******
13:11:09.632 [main] INFO  testcase.My_Account_UserProfile_viewPet - ***** Started going to My account user profile *******
13:11:32.197 [main] INFO  testcase.My_Account_UserProfile_viewPet - ***** Viewed the profile successfully *******
13:11:32.297 [main] INFO  testcase.My_Account_UserProfile_EditPet - ***** Started going to My account user profile *******
13:11:42.553 [main] INFO  testcase.My_Account_UserProfile_EditPet - ***** Started viewing pet *******
14:07:26.968 [main] INFO  testcase.Signin_Existinguser - ***** pop up Accessed successfully *******
14:07:30.776 [main] INFO  testcase.Signin_Existinguser - ***** Log in successfully *******
14:07:30.833 [main] INFO  testcase.My_Account_UserProfile_AddPet - ***** Started going to My account user profile & adding pet *******
14:07:41.411 [main] INFO  testcase.My_Account_UserProfile_AddPet - ***** Started adding pet *******
14:08:35.977 [main] INFO  testcase.My_Account_UserProfile_AddPet - ***** My pet section has been added successfully*******
14:08:37.995 [main] INFO  testcase.My_Account_UserProfile_AddPet - ***** Pet health section adding process has been started *******
14:11:58.655 [main] INFO  testcase.My_Account_UserProfile_AddPet - ***** Vet details adding process has been started *******
14:12:19.516 [main] INFO  testcase.My_Account_UserProfile_AddPet - ***** Vet details added successfully *******
15:19:16.863 [main] INFO  testcase.Signin_Existinguser - ***** pop up Accessed successfully *******
15:19:20.075 [main] INFO  testcase.Signin_Existinguser - ***** Log in successfully *******
15:19:20.091 [main] INFO  testcase.Register_Sample_Gut - ***** Gut sample registration process has been started*******
15:30:26.716 [main] INFO  testcase.Signin_Existinguser - ***** pop up Accessed successfully *******
15:30:30.045 [main] INFO  testcase.Signin_Existinguser - ***** Log in successfully *******
15:30:30.061 [main] INFO  testcase.Register_Sample_Gut - ***** Gut sample registration process has been started*******
15:38:35.569 [main] INFO  testcase.Signin_Existinguser - ***** pop up Accessed successfully *******
15:38:38.901 [main] INFO  testcase.Signin_Existinguser - ***** Log in successfully *******
15:38:38.921 [main] INFO  testcase.Register_Sample_Gut - ***** Gut sample registration process has been started*******
15:42:56.778 [main] INFO  testcase.Signin_Existinguser - ***** pop up Accessed successfully *******
15:43:00.217 [main] INFO  testcase.Signin_Existinguser - ***** Log in successfully *******
15:43:00.236 [main] INFO  testcase.Register_Sample_Gut - ***** Gut sample registration process has been started*******
15:48:25.984 [main] INFO  testcase.Signin_Existinguser - ***** pop up Accessed successfully *******
15:48:29.249 [main] INFO  testcase.Signin_Existinguser - ***** Log in successfully *******
15:48:29.269 [main] INFO  testcase.Register_Sample_Gut - ***** Gut sample registration process has been started*******
15:53:22.417 [main] INFO  testcase.Register_Sample_Gut - ***** Gut sample registration process has been started*******
15:54:28.172 [main] INFO  testcase.Signin_Existinguser - ***** pop up Accessed successfully *******
15:54:31.384 [main] INFO  testcase.Signin_Existinguser - ***** Log in successfully *******
15:54:31.401 [main] INFO  testcase.Register_Sample_Gut - ***** Gut sample registration process has been started*******
15:56:49.965 [main] INFO  testcase.Signin_Existinguser - ***** pop up Accessed successfully *******
