18:13:57.648 [main] INFO  testcase.Signin_Existinguser - ***** Log in successfully *******
18:14:04.827 [main] INFO  testcase.Gridview_Deactivate_Pet - ***** Started deactivate pet from grid view*******
18:14:17.247 [main] INFO  testcase.Gridview_Deactivate_Pet - ***** Deactivate pet from the grid view successfully*******
18:14:25.264 [main] INFO  testcase.Listview_Deactivate_Pet - ***** Started deactivate pet from list view*******
18:14:31.556 [main] INFO  testcase.Listview_Deactivate_Pet - ***** Deactivate pet from the List view successfully*******
18:14:39.580 [main] INFO  testcase.ViewpetGridView_DP - ***** Started viewing the deactivated pet from grid view *******
18:14:55.973 [main] INFO  testcase.ViewpetGridView_DP - ***** Viewed the deactivated pet succesfully from grid view *******
18:15:04.012 [main] INFO  testcase.ViewpetListView_DP - ***** Started viewing the deactivated pet from list view *******
18:15:18.122 [main] INFO  testcase.ViewpetListView_DP - ***** Viewed the deactivated pet succesfully from list view *******
18:15:26.152 [main] INFO  testcase.AllReport_DP - ***** Started vieing report by clicking all report for deactivated pet*******
18:15:45.804 [main] INFO  testcase.AllReport_DP - ***** Viewed the report successfully for deactivated pet*******
18:15:53.828 [main] INFO  testcase.DeleteGridview_DP - ***** Started deleteing deactivated pet in the grid view*******
18:16:12.543 [main] INFO  testcase.DeleteGridview_DP - ***** Deactivated pet deleted successfully in the grid view *******
18:16:20.563 [main] INFO  testcase.DeleteListview_DP - ***** Started deleteing deactivated pet in the List view*******
18:16:31.200 [main] INFO  testcase.DeleteListview_DP - ***** Deactivated pet deleted successfully in the grid view *******
18:16:39.238 [main] INFO  testcase.RegisterSample_AddPet - ***** Started adding pet *******
18:16:43.398 [main] INFO  testcase.Register_Sample_Gut - ***** Gut sample registration process has been started*******
18:16:59.469 [main] INFO  testcase.Register_Sample_Oral - ***** Oral sample registration process has been started*******
18:16:59.521 [main] INFO  testcase.My_Account_Register_Sample - ***** Gut sample registration process has been started*******
18:26:07.584 [main] INFO  testcase.Signin_Existinguser - ***** pop up Accessed successfully *******
18:26:11.019 [main] INFO  testcase.Signin_Existinguser - ***** Log in successfully *******
18:26:18.189 [main] INFO  testcase.Gridview_Deactivate_Pet - ***** Started deactivate pet from grid view*******
18:26:30.651 [main] INFO  testcase.Gridview_Deactivate_Pet - ***** Deactivate pet from the grid view successfully*******
18:26:38.671 [main] INFO  testcase.Listview_Deactivate_Pet - ***** Started deactivate pet from list view*******
18:26:45.031 [main] INFO  testcase.Listview_Deactivate_Pet - ***** Deactivate pet from the List view successfully*******
18:26:53.045 [main] INFO  testcase.ViewpetGridView_DP - ***** Started viewing the deactivated pet from grid view *******
18:27:09.359 [main] INFO  testcase.ViewpetGridView_DP - ***** Viewed the deactivated pet succesfully from grid view *******
18:27:17.380 [main] INFO  testcase.ViewpetListView_DP - ***** Started viewing the deactivated pet from list view *******
18:27:27.723 [main] INFO  testcase.AllReport_DP - ***** Started vieing report by clicking all report for deactivated pet*******
18:27:49.003 [main] INFO  testcase.AllReport_DP - ***** Viewed the report successfully for deactivated pet*******
18:27:57.026 [main] INFO  testcase.DeleteGridview_DP - ***** Started deleteing deactivated pet in the grid view*******
18:28:15.921 [main] INFO  testcase.DeleteGridview_DP - ***** Deactivated pet deleted successfully in the grid view *******
18:28:23.938 [main] INFO  testcase.DeleteListview_DP - ***** Started deleteing deactivated pet in the List view*******
18:28:34.816 [main] INFO  testcase.DeleteListview_DP - ***** Deactivated pet deleted successfully in the grid view *******
18:28:56.090 [main] INFO  testcase.RegisterSample_AddPet - ***** Started adding pet *******
18:29:10.516 [main] INFO  testcase.Register_Sample_Gut - ***** Gut sample registration process has been started*******
18:29:26.552 [main] INFO  testcase.Register_Sample_Oral - ***** Oral sample registration process has been started*******
18:29:26.574 [main] INFO  testcase.My_Account_Register_Sample - ***** Gut sample registration process has been started*******
18:30:37.829 [main] INFO  testcase.My_Account_UserProfile_AddPet - ***** Started going to My account user profile & adding pet *******
18:30:48.135 [main] INFO  testcase.My_Account_UserProfile_AddPet - ***** Started adding pet *******
18:31:43.459 [main] INFO  testcase.My_Account_UserProfile_AddPet - ***** My pet section has been added successfully*******
18:31:45.485 [main] INFO  testcase.My_Account_UserProfile_AddPet - ***** Pet health section adding process has been started *******
18:35:26.860 [main] INFO  testcase.My_Account_UserProfile_AddPet - ***** Vet details adding process has been started *******
