14:19:14.055 [main] INFO  testcase.My_Account_UserProfile_AddPet - ***** My pet section has been added successfully*******
14:19:16.083 [main] INFO  testcase.My_Account_UserProfile_AddPet - ***** Pet health section adding process has been started *******
14:22:51.931 [main] INFO  testcase.My_Account_UserProfile_AddPet - ***** Vet details adding process has been started *******
14:23:13.427 [main] INFO  testcase.My_Account_UserProfile_AddPet - ***** Vet details added successfully *******
14:23:36.445 [main] INFO  testcase.My_Account_UserProfile_AddPet - ***** Pet added successfully with full details *******
14:27:27.784 [main] INFO  testcase.Register_Sample_Gut - ***** Started going to My account user profile & delete the pet *******
14:27:38.135 [main] INFO  testcase.Register_Sample_Gut - ***** Started Deleteing pet *******
14:27:59.941 [main] INFO  testcase.Register_Sample_Gut - ***** The pet has been deleted successfully from the my account user profile section *******
15:48:24.063 [main] INFO  testcase.Register_Sample_Gut - ***** Started going to My account user profile & delete the pet *******
15:48:34.323 [main] INFO  testcase.Register_Sample_Gut - ***** Started Deleteing pet *******
15:51:12.655 [main] INFO  testcase.Register_Sample_Gut - ***** Started going to My account user profile & delete the pet *******
15:51:22.931 [main] INFO  testcase.Register_Sample_Gut - ***** Started Deleteing pet *******
15:57:08.877 [main] INFO  testcase.Register_Sample_Gut - ***** Started going to My account user profile & delete the pet *******
15:57:19.118 [main] INFO  testcase.Register_Sample_Gut - ***** Started Deleteing pet *******
15:57:42.181 [main] INFO  testcase.Register_Sample_Gut - ***** The pet has been deleted successfully from the my account user profile section *******
17:06:13.604 [main] INFO  testcase.Gridview_Deactivate_Pet - ***** Started deactivate pet from grid view*******
17:06:43.013 [main] INFO  testcase.Listview_Deactivate_Pet - ***** Started deactivate pet from list view*******
17:06:49.225 [main] INFO  testcase.Listview_Deactivate_Pet - ***** Deactivate pet from the List view successfully*******
17:06:53.231 [main] INFO  testcase.ViewpetGridView_DP - ***** Started viewing the deactivated pet from grid view *******
17:07:02.876 [main] INFO  testcase.ViewpetGridView_DP - ***** Viewed the deactivated pet succesfully from grid view *******
17:07:06.883 [main] INFO  testcase.ViewpetListView_DP - ***** Started viewing the deactivated pet from list view *******
17:07:19.350 [main] INFO  testcase.AllReport_DP - ***** Started vieing report by clicking all report for deactivated pet*******
17:07:31.908 [main] INFO  testcase.DeleteGridview_DP - ***** Started deleteing deactivated pet in the grid view*******
17:07:48.138 [main] INFO  testcase.DeleteListview_DP - ***** Started deleteing deactivated pet in the List view*******
17:07:57.435 [main] INFO  testcase.RegisterSample_AddPet - ***** Started adding pet *******
17:08:01.563 [main] INFO  testcase.Register_Sample_Gut - ***** Gut sample registration process has been started*******
17:08:15.620 [main] INFO  testcase.Register_Sample_Oral - ***** Oral sample registration process has been started*******
17:08:15.684 [main] INFO  testcase.My_Account_Register_Sample - ***** Gut sample registration process has been started*******
17:18:14.494 [main] INFO  testcase.Gridview_Deactivate_Pet - ***** Started deactivate pet from grid view*******
17:18:47.916 [main] INFO  testcase.Listview_Deactivate_Pet - ***** Started deactivate pet from list view*******
17:18:54.133 [main] INFO  testcase.Listview_Deactivate_Pet - ***** Deactivate pet from the List view successfully*******
17:19:02.146 [main] INFO  testcase.ViewpetGridView_DP - ***** Started viewing the deactivated pet from grid view *******
17:19:11.736 [main] INFO  testcase.ViewpetListView_DP - ***** Started viewing the deactivated pet from list view *******
17:19:28.874 [main] INFO  testcase.AllReport_DP - ***** Started vieing report by clicking all report for deactivated pet*******
17:19:44.459 [main] INFO  testcase.DeleteGridview_DP - ***** Started deleteing deactivated pet in the grid view*******
17:56:55.698 [main] INFO  testcase.Gridview_Deactivate_Pet - ***** Started deactivate pet from grid view*******
17:57:23.998 [main] INFO  testcase.Listview_Deactivate_Pet - ***** Started deactivate pet from list view*******
17:57:30.454 [main] INFO  testcase.Listview_Deactivate_Pet - ***** Deactivate pet from the List view successfully*******
17:57:38.475 [main] INFO  testcase.ViewpetGridView_DP - ***** Started viewing the deactivated pet from grid view *******
17:57:51.467 [main] INFO  testcase.ViewpetGridView_DP - ***** Viewed the deactivated pet succesfully from grid view *******
17:57:59.475 [main] INFO  testcase.ViewpetListView_DP - ***** Started viewing the deactivated pet from list view *******
17:58:16.731 [main] INFO  testcase.AllReport_DP - ***** Started vieing report by clicking all report for deactivated pet*******
